<?xml version="1.0" encoding="UTF-8"?>
<!-- Generated by org.testng.reporters.JUnitReportReporter -->
<testsuite hostname="IBM-PF37Z042" failures="0" tests="1" name="tests.GoogleSearchTest" time="4.609" errors="0" timestamp="2025-07-12T20:34:16 IST" skipped="0">
  <testcase classname="tests.GoogleSearchTest" name="runTc" time="4.609"/>
</testsuite> <!-- tests.GoogleSearchTest -->
