<?xml version="1.0" encoding="UTF-8"?>
<!-- Generated by org.testng.reporters.JUnitReportReporter -->
<testsuite hostname="IBM-PF37Z042" failures="0" tests="1" name="tests.ProductsTest" time="8.457" errors="0" timestamp="2025-07-15T12:57:55 IST" skipped="0">
  <testcase classname="tests.ProductsTest" name="clickProductsTest" time="8.457"/>
</testsuite> <!-- tests.ProductsTest -->
