<?xml version="1.0" encoding="UTF-8"?>
<!-- Generated by org.testng.reporters.JUnitReportReporter -->
<testsuite hostname="IBM-PF37Z042" failures="0" tests="1" name="tests.ProductsTest" time="18.975" errors="0" timestamp="2025-07-24T16:24:23 IST" skipped="0">
  <testcase classname="tests.ProductsTest" name="clickProductsTest" time="18.975"/>
</testsuite> <!-- tests.ProductsTest -->
