<?xml version="1.0" encoding="UTF-8"?>
<!-- Generated by org.testng.reporters.JUnitReportReporter -->
<testsuite hostname="IBM-PF37Z042" failures="0" tests="1" name="tests.Login" time="9.531" errors="0" timestamp="2025-07-15T12:37:34 IST" skipped="0">
  <testcase classname="tests.Login" name="LoginToSite" time="9.531"/>
</testsuite> <!-- tests.Login -->
