<?xml version="1.0" encoding="UTF-8"?>
<!-- Generated by org.testng.reporters.JUnitReportReporter -->
<testsuite hostname="IBM-PF37Z042" failures="0" tests="1" name="tests.SeleniumDocsTest" time="4.430" errors="0" timestamp="2025-07-15T12:12:54 IST" skipped="0">
  <testcase classname="tests.SeleniumDocsTest" name="runSeleniumDocsTest" time="4.430"/>
</testsuite> <!-- tests.SeleniumDocsTest -->
