<?xml version="1.0" encoding="UTF-8"?>
<!-- Generated by org.testng.reporters.JUnitReportReporter -->
<testsuite hostname="IBM-PF37Z042" failures="0" tests="1" name="tests.GoogleSearchTest" time="9.540" errors="0" timestamp="2025-07-14T19:43:44 IST" skipped="0">
  <testcase classname="tests.GoogleSearchTest" name="runTc" time="9.540"/>
</testsuite> <!-- tests.GoogleSearchTest -->
