<?xml version="1.0" encoding="UTF-8"?>
<!-- Generated by org.testng.reporters.JUnitReportReporter -->
<testsuite hostname="IBM-PF37Z042" failures="0" tests="1" name="basics.GoogleSearchTest" time="6.974" errors="0" timestamp="2025-07-12T18:05:31 IST" skipped="0">
  <testcase classname="basics.GoogleSearchTest" name="runTc" time="6.974"/>
</testsuite> <!-- basics.GoogleSearchTest -->
