<?xml version="1.0" encoding="UTF-8"?>
<!-- Generated by org.testng.reporters.JUnitReportReporter -->
<testsuite hostname="IBM-PF37Z042" failures="0" tests="1" name="tests.ProductSearch" time="11.090" errors="0" timestamp="2025-08-01T10:33:37 IST" skipped="0">
  <testcase classname="tests.ProductSearch" name="ProductSearchTest" time="11.090"/>
</testsuite> <!-- tests.ProductSearch -->
